{"/Users/d032233/dev/github/oltojson/lib/oltojson.js": {"path":"/Users/d032233/dev/github/oltojson/lib/oltojson.js","statementMap":{"0":{"start":{"line":3,"column":23},"end":{"line":3,"column":59}},"1":{"start":{"line":4,"column":16},"end":{"line":4,"column":34}},"2":{"start":{"line":12,"column":8},"end":{"line":18,"column":10}},"3":{"start":{"line":20,"column":29},"end":{"line":20,"column":31}},"4":{"start":{"line":22,"column":18},"end":{"line":22,"column":36}},"5":{"start":{"line":24,"column":34},"end":{"line":24,"column":104}},"6":{"start":{"line":25,"column":8},"end":{"line":25,"column":104}},"7":{"start":{"line":27,"column":8},"end":{"line":47,"column":11}},"8":{"start":{"line":28,"column":29},"end":{"line":28,"column":31}},"9":{"start":{"line":30,"column":22},"end":{"line":30,"column":38}},"10":{"start":{"line":32,"column":12},"end":{"line":43,"column":15}},"11":{"start":{"line":34,"column":32},"end":{"line":40,"column":31}},"12":{"start":{"line":42,"column":16},"end":{"line":42,"column":39}},"13":{"start":{"line":45,"column":12},"end":{"line":46,"column":44}},"14":{"start":{"line":46,"column":16},"end":{"line":46,"column":44}},"15":{"start":{"line":49,"column":8},"end":{"line":49,"column":28}},"16":{"start":{"line":72,"column":22},"end":{"line":72,"column":26}},"17":{"start":{"line":73,"column":23},"end":{"line":73,"column":27}},"18":{"start":{"line":74,"column":29},"end":{"line":74,"column":33}},"19":{"start":{"line":76,"column":8},"end":{"line":102,"column":9}},"20":{"start":{"line":78,"column":12},"end":{"line":78,"column":27}},"21":{"start":{"line":81,"column":12},"end":{"line":81,"column":51}},"22":{"start":{"line":82,"column":12},"end":{"line":82,"column":28}},"23":{"start":{"line":85,"column":25},"end":{"line":85,"column":75}},"24":{"start":{"line":86,"column":12},"end":{"line":86,"column":72}},"25":{"start":{"line":87,"column":15},"end":{"line":102,"column":9}},"26":{"start":{"line":89,"column":12},"end":{"line":89,"column":28}},"27":{"start":{"line":92,"column":25},"end":{"line":92,"column":59}},"28":{"start":{"line":93,"column":12},"end":{"line":93,"column":72}},"29":{"start":{"line":96,"column":12},"end":{"line":96,"column":33}},"30":{"start":{"line":99,"column":12},"end":{"line":99,"column":51}},"31":{"start":{"line":100,"column":25},"end":{"line":100,"column":75}},"32":{"start":{"line":101,"column":12},"end":{"line":101,"column":51}},"33":{"start":{"line":107,"column":0},"end":{"line":111,"column":2}}},"fnMap":{"0":{"name":"(anonymous_0)","decl":{"start":{"line":11,"column":4},"end":{"line":11,"column":5}},"loc":{"start":{"line":11,"column":34},"end":{"line":50,"column":5}},"line":11},"1":{"name":"(anonymous_1)","decl":{"start":{"line":27,"column":43},"end":{"line":27,"column":44}},"loc":{"start":{"line":27,"column":59},"end":{"line":47,"column":9}},"line":27},"2":{"name":"(anonymous_2)","decl":{"start":{"line":32,"column":21},"end":{"line":32,"column":22}},"loc":{"start":{"line":32,"column":37},"end":{"line":43,"column":13}},"line":32},"3":{"name":"(anonymous_3)","decl":{"start":{"line":71,"column":4},"end":{"line":71,"column":5}},"loc":{"start":{"line":71,"column":45},"end":{"line":103,"column":5}},"line":71}},"branchMap":{"0":{"loc":{"start":{"line":24,"column":34},"end":{"line":24,"column":104}},"type":"cond-expr","locations":[{"start":{"line":24,"column":60},"end":{"line":24,"column":99}},{"start":{"line":24,"column":102},"end":{"line":24,"column":104}}],"line":24},"1":{"loc":{"start":{"line":25,"column":30},"end":{"line":25,"column":103}},"type":"cond-expr","locations":[{"start":{"line":25,"column":43},"end":{"line":25,"column":81}},{"start":{"line":25,"column":84},"end":{"line":25,"column":103}}],"line":25},"2":{"loc":{"start":{"line":34,"column":32},"end":{"line":40,"column":31}},"type":"cond-expr","locations":[{"start":{"line":35,"column":22},"end":{"line":37,"column":31}},{"start":{"line":38,"column":22},"end":{"line":40,"column":31}}],"line":34},"3":{"loc":{"start":{"line":45,"column":12},"end":{"line":46,"column":44}},"type":"if","locations":[{"start":{"line":45,"column":12},"end":{"line":46,"column":44}},{"start":{"line":45,"column":12},"end":{"line":46,"column":44}}],"line":45},"4":{"loc":{"start":{"line":45,"column":16},"end":{"line":45,"column":49}},"type":"binary-expr","locations":[{"start":{"line":45,"column":16},"end":{"line":45,"column":24}},{"start":{"line":45,"column":28},"end":{"line":45,"column":49}}],"line":45},"5":{"loc":{"start":{"line":76,"column":8},"end":{"line":102,"column":9}},"type":"if","locations":[{"start":{"line":76,"column":8},"end":{"line":102,"column":9}},{"start":{"line":76,"column":8},"end":{"line":102,"column":9}}],"line":76},"6":{"loc":{"start":{"line":81,"column":29},"end":{"line":81,"column":50}},"type":"binary-expr","locations":[{"start":{"line":81,"column":29},"end":{"line":81,"column":44}},{"start":{"line":81,"column":48},"end":{"line":81,"column":50}}],"line":81},"7":{"loc":{"start":{"line":87,"column":15},"end":{"line":102,"column":9}},"type":"if","locations":[{"start":{"line":87,"column":15},"end":{"line":102,"column":9}},{"start":{"line":87,"column":15},"end":{"line":102,"column":9}}],"line":87},"8":{"loc":{"start":{"line":96,"column":22},"end":{"line":96,"column":32}},"type":"binary-expr","locations":[{"start":{"line":96,"column":22},"end":{"line":96,"column":26}},{"start":{"line":96,"column":30},"end":{"line":96,"column":32}}],"line":96},"9":{"loc":{"start":{"line":99,"column":29},"end":{"line":99,"column":50}},"type":"binary-expr","locations":[{"start":{"line":99,"column":29},"end":{"line":99,"column":44}},{"start":{"line":99,"column":48},"end":{"line":99,"column":50}}],"line":99}},"s":{"0":2,"1":2,"2":6,"3":6,"4":6,"5":6,"6":6,"7":6,"8":15,"9":15,"10":15,"11":105,"12":105,"13":15,"14":15,"15":6,"16":0,"17":0,"18":0,"19":0,"20":0,"21":0,"22":0,"23":0,"24":0,"25":0,"26":0,"27":0,"28":0,"29":0,"30":0,"31":0,"32":0,"33":2},"f":{"0":6,"1":15,"2":105,"3":0},"b":{"0":[2,4],"1":[3,3],"2":[35,70],"3":[15,0],"4":[15,15],"5":[0,0],"6":[0,0],"7":[0,0],"8":[0,0],"9":[0,0]},"_coverageSchema":"332fd63041d2c1bcb487cc26dd0d5f7d97098a6c","hash":"451c936b0a68c66465340f39318d29b6deb317bd"}
}
