TN:
SF:/Users/d032233/dev/github/oltojson/lib/oltojson.js
FN:11,(anonymous_0)
FN:27,(anonymous_1)
FN:32,(anonymous_2)
FN:71,(anonymous_3)
FNF:4
FNH:3
FNDA:6,(anonymous_0)
FNDA:15,(anonymous_1)
FNDA:105,(anonymous_2)
FNDA:0,(anonymous_3)
DA:3,2
DA:4,2
DA:12,6
DA:20,6
DA:22,6
DA:24,6
DA:25,6
DA:27,6
DA:28,15
DA:30,15
DA:32,15
DA:34,105
DA:42,105
DA:45,15
DA:46,15
DA:49,6
DA:72,0
DA:73,0
DA:74,0
DA:76,0
DA:78,0
DA:81,0
DA:82,0
DA:85,0
DA:86,0
DA:87,0
DA:89,0
DA:92,0
DA:93,0
DA:96,0
DA:99,0
DA:100,0
DA:101,0
DA:107,2
LF:34
LH:17
BRDA:24,0,0,2
BRDA:24,0,1,4
BRDA:25,1,0,3
BRDA:25,1,1,3
BRDA:34,2,0,35
BRDA:34,2,1,70
BRDA:45,3,0,15
BRDA:45,3,1,0
BRDA:45,4,0,15
BRDA:45,4,1,15
BRDA:76,5,0,0
BRDA:76,5,1,0
BRDA:81,6,0,0
BRDA:81,6,1,0
BRDA:87,7,0,0
BRDA:87,7,1,0
BRDA:96,8,0,0
BRDA:96,8,1,0
BRDA:99,9,0,0
BRDA:99,9,1,0
BRF:20
BRH:9
end_of_record
